<?xml version="1.0" encoding="UTF-8"?>
<!-- Generated by org.testng.reporters.JUnitReportReporter -->
<testsuite skipped="0" hostname="DESKTOP-OSQVH5B" name="allure.gradle.project.TestCase" tests="1" failures="0" timestamp="2022-01-03T22:41:44 IST" time="11.564" errors="0">
  <testcase name="validateBasicFields" time="11.564" classname="allure.gradle.project.TestCase"/>
  <system-out/>
</testsuite> <!-- allure.gradle.project.TestCase -->
