<?xml version="1.0" encoding="UTF-8"?>
<!-- Generated by org.testng.reporters.JUnitReportReporter -->
<testsuite skipped="0" hostname="fv-az152-443" name="allure.gradle.project.TestCase" tests="1" failures="0" timestamp="2022-01-23T13:37:50 UTC" time="4.617" errors="0">
  <testcase name="validateBasicFields" time="4.617" classname="allure.gradle.project.TestCase"/>
  <system-out/>
</testsuite> <!-- allure.gradle.project.TestCase -->
