<?xml version="1.0" encoding="UTF-8"?>
<!-- Generated by org.testng.reporters.JUnitReportReporter -->
<testsuite skipped="0" hostname="fv-az191-622" name="allure.gradle.project.TestCase" tests="1" failures="0" timestamp="2022-01-23T13:28:57 UTC" time="4.588" errors="0">
  <testcase name="validateBasicFields" time="4.588" classname="allure.gradle.project.TestCase"/>
  <system-out/>
</testsuite> <!-- allure.gradle.project.TestCase -->
