<?xml version="1.0" encoding="UTF-8"?>
<!-- Generated by org.testng.reporters.JUnitReportReporter -->
<testsuite skipped="0" hostname="fv-az96-506" name="allure.gradle.project.TestCase" tests="1" failures="0" timestamp="2022-01-23T13:22:01 UTC" time="5.930" errors="0">
  <testcase name="validateBasicFields" time="5.930" classname="allure.gradle.project.TestCase"/>
  <system-out/>
</testsuite> <!-- allure.gradle.project.TestCase -->
